Arguments: 
  C:\Program Files\nodejs\node.exe C:\Users\min\AppData\Roaming\npm\node_modules\yarn\bin\yarn.js add react-router-dom

PATH: 
  C:\Program Files\Common Files\Oracle\Java\javapath;C:\Program Files (x86)\Common Files\Oracle\Java\javapath;C:\WINDOWS\system32;C:\WINDOWS;C:\WINDOWS\System32\Wbem;C:\WINDOWS\System32\WindowsPowerShell\v1.0\;C:\WINDOWS\System32\OpenSSH\;C:\Program Files\Git\cmd;C:\ProgramData\chocolatey\bin;C:\Program Files\Java\jdk1.8.0_211\bin;C:\Users\min\AppData\Local\Android\Sdk\platform-tools;C:\Program Files\gradle-7.5.1\bin;C:\Program Files\MySQL\MySQL Shell 8.0\bin\;C:\Program Files\MySQL\MySQL Server 8.0\bin;C:\Program Files\MongoDB\Server\7.0\bin;C:\Users\min\Downloads\mongosh-1.10.6-win32-x64\mongosh-1.10.6-win32-x64\bin;C:\Users\min\AppData\Roaming\nvm;C:\Program Files\nodejs;C:\Program Files\MySQL\MySQL Shell 8.0\bin\;C:\Users\min\AppData\Local\Programs\Python\Python311\Scripts\;C:\Users\min\AppData\Local\Programs\Python\Python311\;C:\Users\min\AppData\Local\Microsoft\WindowsApps;C:\Users\min\AppData\Local\Programs\Microsoft VS Code\bin;C:\Users\min\AppData\Roaming\npm;C:\Users\min\AppData\Local\Android\Sdk\platform-tools;C:\Users\min\AppData\Local\Android\Sdk;C:\Program Files\gradle-7.5.1\bin;C:\Program Files\MySQL\MySQL Server 8.0\bin;C:\Program Files\MongoDB\Server\7.0\bin;C:\Users\min\Downloads\mongosh-1.10.6-win32-x64\mongosh-1.10.6-win32-x64\bin;C:\Users\min\AppData\Roaming\nvm;C:\Program Files\nodejs;C:\Users\min\.poetry\bin;C:\Program Files\Geth;

Yarn version: 
  1.22.19

Node version: 
  20.9.0

Platform: 
  win32 x64

Trace: 
  Error: EPERM: operation not permitted, open 'C:\Users\min\AppData\Local\Yarn\Cache\v6\npm-cssdb-7.11.2-127a2f5b946ee653361a5af5333ea85a39df5ae5-integrity\node_modules\cssdb\.yarn-tarball.tgz'

npm manifest: 
  {
    "name": "front",
    "version": "0.1.0",
    "private": true,
    "dependencies": {
      "@testing-library/jest-dom": "^5.17.0",
      "@testing-library/react": "^13.4.0",
      "@testing-library/user-event": "^13.5.0",
      "react": "^18.3.1",
      "react-dom": "^18.3.1",
      "react-scripts": "5.0.1",
      "styled-component": "^2.8.0",
      "styled-components": "^6.1.12",
      "web-vitals": "^2.1.4"
    },
    "scripts": {
      "start": "react-scripts start",
      "build": "react-scripts build",
      "test": "react-scripts test",
      "eject": "react-scripts eject"
    },
    "eslintConfig": {
      "extends": [
        "react-app",
        "react-app/jest"
      ]
    },
    "browserslist": {
      "production": [
        ">0.2%",
        "not dead",
        "not op_mini all"
      ],
      "development": [
        "last 1 chrome version",
        "last 1 firefox version",
        "last 1 safari version"
      ]
    }
  }

yarn manifest: 
  No manifest

Lockfile: 
  No lockfile
